Arguments: 
  C:\Program Files\nodejs\node.exe C:\Users\lwz\AppData\Roaming\npm\node_modules\yarn\bin\yarn.js add tslib --save

PATH: 
  C:\Program Files (x86)\Common Files\Oracle\Java\javapath;C:\WINDOWS\system32;C:\WINDOWS;C:\WINDOWS\System32\Wbem;C:\WINDOWS\System32\WindowsPowerShell\v1.0\;C:\WINDOWS\System32\OpenSSH\;D:\software\Microsoft VS Code\bin;D:\software\Git\cmd;D:\software\bin;C:\Users\lwz\AppData\Local\Android\Sdk\platform-tools;C:\Program Files\nodejs\;C:\Program Files\dotnet\;D:\mysql-5.7.26-winx64\bin;C:\Users\lwz\AppData\Local\Microsoft\WindowsApps;D:\jdk\bin;D:\Fiddler;C:\Users\lwz\AppData\Roaming\npm;C:\Users\lwz\AppData\Local\Android\Sdk\tools;D:\maven\apache-maven-3.6.1\bin;D:\IntelliJ IDEA 2019.1.3\bin;

Yarn version: 
  1.15.2

Node version: 
  10.15.3

Platform: 
  win32 x64

Trace: 
  Error: ENOENT: no such file or directory, copyfile 'C:\Users\lwz\AppData\Local\Yarn\Cache\v4\npm-inherits-2.0.1-b17d08d326b4423e568eff719f91b0b1cbdf69f1\node_modules\inherits\inherits_browser.js' -> 'C:\Users\lwz\Desktop\tradingview\gitxxx\charting-library-examples\react-javascript\node_modules\assert\node_modules\inherits\inherits_browser.js'

npm manifest: 
  {
    "name": "charting-library-react-js-example",
    "private": true,
    "dependencies": {
      "react": "^16.2.0",
      "react-dom": "^16.2.0",
      "react-scripts": "1.1.4"
    },
    "scripts": {
      "start": "react-scripts start",
      "build": "react-scripts build"
    }
  }

yarn manifest: 
  No manifest

Lockfile: 
  No lockfile
